<?xml version="1.0" encoding="UTF-8"?>
<testng-results skipped="1" failed="0" total="1" passed="0">
  <reporter-output>
  </reporter-output>
  <suite name="Suite1" duration-ms="127" started-at="2015-12-14T17:59:51Z" finished-at="2015-12-14T17:59:51Z">
    <groups>
    </groups>
    <test name="Test" duration-ms="127" started-at="2015-12-14T17:59:51Z" finished-at="2015-12-14T17:59:51Z">
      <class name="tests.AndroidTest">
        <test-method status="FAIL" signature="mandatorySetup()[pri:0, instance:tests.AndroidTest@506e6d5e]" name="mandatorySetup" is-config="true" duration-ms="0" started-at="2015-12-14T23:29:51Z" finished-at="2015-12-14T23:29:51Z">
          <exception class="java.io.IOException">
            <message>
              <![CDATA[Cannot run program "node": error=2, No such file or directory]]>
            </message>
            <full-stacktrace>
              <![CDATA[java.io.IOException: Cannot run program "node": error=2, No such file or directory
	at java.lang.ProcessBuilder.start(ProcessBuilder.java:1048)
	at java.lang.Runtime.exec(Runtime.java:620)
	at java.lang.Runtime.exec(Runtime.java:450)
	at java.lang.Runtime.exec(Runtime.java:347)
	at fwk.AppiumServer.startAppiumServer(AppiumServer.java:11)
	at fwk.BaseTest.initDriver(BaseTest.java:65)
	at fwk.BaseTest.mandatorySetup(BaseTest.java:30)
	at sun.reflect.NativeMethodAccessorImpl.invoke0(Native Method)
	at sun.reflect.NativeMethodAccessorImpl.invoke(NativeMethodAccessorImpl.java:62)
	at sun.reflect.DelegatingMethodAccessorImpl.invoke(DelegatingMethodAccessorImpl.java:43)
	at java.lang.reflect.Method.invoke(Method.java:497)
	at org.testng.internal.MethodInvocationHelper.invokeMethod(MethodInvocationHelper.java:84)
	at org.testng.internal.Invoker.invokeConfigurationMethod(Invoker.java:564)
	at org.testng.internal.Invoker.invokeConfigurations(Invoker.java:213)
	at org.testng.internal.Invoker.invokeMethod(Invoker.java:653)
	at org.testng.internal.Invoker.invokeTestMethod(Invoker.java:901)
	at org.testng.internal.Invoker.invokeTestMethods(Invoker.java:1231)
	at org.testng.internal.TestMethodWorker.invokeTestMethods(TestMethodWorker.java:127)
	at org.testng.internal.TestMethodWorker.run(TestMethodWorker.java:111)
	at java.util.concurrent.ThreadPoolExecutor.runWorker(ThreadPoolExecutor.java:1142)
	at java.util.concurrent.ThreadPoolExecutor$Worker.run(ThreadPoolExecutor.java:617)
	at java.lang.Thread.run(Thread.java:745)
Caused by: java.io.IOException: error=2, No such file or directory
	at java.lang.UNIXProcess.forkAndExec(Native Method)
	at java.lang.UNIXProcess.<init>(UNIXProcess.java:248)
	at java.lang.ProcessImpl.start(ProcessImpl.java:134)
	at java.lang.ProcessBuilder.start(ProcessBuilder.java:1029)
	... 21 more
]]>
            </full-stacktrace>
          </exception> <!-- java.io.IOException -->
          <reporter-output>
          </reporter-output>
        </test-method> <!-- mandatorySetup -->
        <test-method status="SKIP" signature="testAndroidApp()[pri:0, instance:tests.AndroidTest@506e6d5e]" name="testAndroidApp" duration-ms="0" started-at="2015-12-14T23:29:51Z" finished-at="2015-12-14T23:29:51Z">
          <reporter-output>
          </reporter-output>
        </test-method> <!-- testAndroidApp -->
      </class> <!-- tests.AndroidTest -->
    </test> <!-- Test -->
  </suite> <!-- Suite1 -->
</testng-results>
